side.n 301 :: position face 
side.n 302 :: position face 
side.n 303 :: position face 
side.n 304 :: position face 
side.n 305 :: position face 
side.n 306 :: position face 
side.n 307 :: position face slope 
side.n 308 :: position face 
side.n 309 :: position face 
side.n 310 :: position face slope 
tell.v 311 :: order evidence 
tell.v 312 :: state order evidence 
tell.v 313 :: state order evidence 
tell.v 314 :: order evidence 
tell.v 315 :: state order evidence 
tell.v 316 :: state order evidence 
tell.v 317 :: order evidence 
tell.v 318 :: order evidence state 
tell.v 319 :: order evidence 
tell.v 320 :: order state evidence 
terrible.a 321 :: 
terrible.a 322 :: 
terrible.a 323 :: 
terrible.a 324 :: 
terrible.a 325 :: 
terrible.a 326 :: 
terrible.a 327 :: 
terrible.a 328 :: 
terrible.a 329 :: 
terrible.a 330 :: 
think.v 331 :: 
think.v 332 :: 
think.v 333 :: 
think.v 334 :: 
think.v 335 :: view idea sentiment opinion thinking 
think.v 336 :: 
think.v 337 :: 
think.v 338 :: 
think.v 339 :: view idea opinion sentiment thinking 
think.v 340 :: recall 
thus.r 341 :: 
thus.r 342 :: 
thus.r 343 :: 
thus.r 344 :: 
thus.r 345 :: so 
thus.r 346 :: so 
thus.r 347 :: so 
thus.r 348 :: so 
thus.r 349 :: 
thus.r 350 :: so 
wind.n 351 :: lead tip winding twist roll lift hint confidential information curve nose 
wind.n 352 :: lead tip winding twist lift roll hint confidential information curve 
wind.n 353 :: lead tip winding twist lift roll hint jazz confidential information curve 
wind.n 354 :: winding lead tip hint twist lift curve roll confidential information 
wind.n 355 :: 
wind.n 356 :: tip lead winding roll twist lift hint confidential information curve 
wind.n 357 :: tip lead winding roll twist lift hint curve confidential information 
wind.n 358 :: curve tip roll winding lead twist lift confidential information hint 
wind.n 359 :: lead tip winding steer roll twist lift nose confidential information thread 
wind.n 360 :: tip winding roll lead twist lift curve hint confidential information nose 
charge.v 361 :: level charge bill point load file burden 
charge.v 362 :: level commission bill burden rush mission kick complaint care point 
charge.v 363 :: level charge point bill load file burden 
charge.v 364 :: level bill commission burden rush kick point shoot mission complaint 
charge.v 365 :: level bill charge point load file burden 
charge.v 366 :: level charge bill point shoot load file burden 
charge.v 367 :: level bill commission rush point care complaint mission file boot 
charge.v 368 :: level bill charge point load file burden 
charge.v 369 :: level charge bill point load file burden 
charge.v 370 :: level commission bill mission rush complaint kick point care burden 
civil.a 371 :: 
civil.a 372 :: 
civil.a 373 :: 
civil.a 374 :: 
civil.a 375 :: 
civil.a 376 :: 
civil.a 377 :: 
civil.a 378 :: 
civil.a 379 :: 
civil.a 380 :: 
clean.v 381 :: clean cleanup 
clean.v 382 :: white light fair strip pick 
clean.v 383 :: white light strip fair 
clean.v 384 :: clean cleanup 
clean.v 385 :: white light fair strip 
clean.v 386 :: white light fair strip 
clean.v 387 :: white light fair strip pick 
clean.v 388 :: white light fair strip 
clean.v 389 :: white light fair strip 
clean.v 390 :: white light strip fair 
coach.n 391 :: manager train bus passenger car carriage 
coach.n 392 :: manager train bus passenger car carriage 
coach.n 393 :: manager train bus passenger car carriage 
coach.n 394 :: manager train bus passenger car carriage 
coach.n 395 :: train bus passenger car carriage 
coach.n 396 :: manager train bus passenger car carriage 
coach.n 397 :: manager train bus passenger car carriage 
coach.n 398 :: train bus passenger car carriage 
coach.n 399 :: manager train bus passenger car carriage 
coach.n 400 :: manager train bus passenger car carriage 
dry.a 401 :: 
dry.a 402 :: 
dry.a 403 :: 
dry.a 404 :: 
dry.a 405 :: 
dry.a 406 :: 
dry.a 407 :: 
dry.a 408 :: 
dry.a 409 :: 
dry.a 410 :: 
full.a 411 :: total 
full.a 412 :: total 
full.a 413 :: total 
full.a 414 :: total 
full.a 415 :: total 
full.a 416 :: 
full.a 417 :: total 
full.a 418 :: total 
full.a 419 :: 
full.a 420 :: total 
heap.n 421 :: deal lot raft mound mountain batch wad pot spate mass 
heap.n 422 :: deal lot raft mound batch mountain wad pot spate mass 
heap.n 423 :: lot raft mountain deal pile mass pot batch wad spate 
heap.n 424 :: deal raft lot mountain mound batch pile wad pot spate 
heap.n 425 :: deal lot bus raft mass mountain mound batch flock pile 
heap.n 426 :: deal lot raft mountain mound sight pile batch wad pot 
heap.n 427 :: deal lot raft mountain mound batch plenty pile wad pot 
heap.n 428 :: deal raft lot mountain mound batch pile wad pot mass 
heap.n 429 :: lot deal raft mountain mound batch pile wad pot spate 
heap.n 430 :: deal lot mountain mound raft batch pile wad pot mass 
job.n 431 :: business problem line task 
job.n 432 :: business problem line task 
job.n 433 :: business problem line task 
job.n 434 :: business problem line task 
job.n 435 :: business problem line task 
job.n 436 :: business problem line task 
job.n 437 :: business task problem line 
job.n 438 :: business problem line task 
job.n 439 :: 
job.n 440 :: business problem line task 
late.r 441 :: deep 
late.r 442 :: 
late.r 443 :: 
late.r 444 :: 
late.r 445 :: 
late.r 446 :: 
late.r 447 :: deep 
late.r 448 :: 
late.r 449 :: deep 
late.r 450 :: deep 
new.a 451 :: raw 
new.a 452 :: raw 
new.a 453 :: raw young 
new.a 454 :: raw young 
new.a 455 :: young raw 
new.a 456 :: raw novel 
new.a 457 :: raw young 
new.a 458 :: raw 
new.a 459 :: raw 
new.a 460 :: raw 
often.r 461 :: 
often.r 462 :: much 
often.r 463 :: much 
often.r 464 :: much 
often.r 465 :: much 
often.r 466 :: much 
often.r 467 :: 
often.r 468 :: much 
often.r 469 :: much 
often.r 470 :: much 
only.r 471 :: 
only.r 472 :: 
only.r 473 :: 
only.r 474 :: 
only.r 475 :: 
only.r 476 :: 
only.r 477 :: 
only.r 478 :: 
only.r 479 :: 
only.r 480 :: 
pulse.n 481 :: 
pulse.n 482 :: heartbeat 
pulse.n 483 :: heartbeat 
pulse.n 484 :: heartbeat 
pulse.n 485 :: heartbeat 
pulse.n 486 :: 
pulse.n 487 :: 
pulse.n 488 :: 
pulse.n 489 :: 
pulse.n 490 :: impulse heartbeat 
put.v 491 :: position place set order put option cast frame 
put.v 492 :: position place set put option order 
put.v 493 :: 
put.v 494 :: position place order put option set frame 
put.v 495 :: position put option order place set 
put.v 496 :: position set place order put option cast frame 
put.v 497 :: position set place put option order cast 
put.v 498 :: position frame put option order place set 
put.v 499 :: position put option place order set frame 
put.v 500 :: position put option order place set 
really.r 501 :: 
really.r 502 :: 
really.r 503 :: 
really.r 504 :: 
really.r 505 :: 
really.r 506 :: real 
really.r 507 :: real 
really.r 508 :: 
really.r 509 :: 
really.r 510 :: 
return.v 511 :: yield return fall refund recall pass 
return.v 512 :: yield issue take refund proceeds fall comeback tax return restoration pass 
return.v 513 :: yield return refund fall recall pass 
return.v 514 :: yield issue take refund proceeds comeback tax return fall restoration pass 
return.v 515 :: yield issue take refund proceeds comeback tax return fall restoration pass 
return.v 516 :: yield issue refund proceeds take comeback tax return fall restoration pass 
return.v 517 :: yield return refund fall recall pass 
return.v 518 :: yield return refund fall recall pass 
return.v 519 :: yield return refund fall recall pass 
return.v 520 :: yield issue refund take proceeds pass fall comeback tax return restoration 
shed.v 521 :: drop cast spill 
shed.v 522 :: drop spill 
shed.v 523 :: drop spill 
shed.v 524 :: drop spill 
shed.v 525 :: drop shed spill 
shed.v 526 :: drop spill 
shed.v 527 :: drop spill 
shed.v 528 :: drop throw spill 
shed.v 529 :: drop spill 
shed.v 530 :: drop spill 
softly.r 531 :: 
softly.r 532 :: 
softly.r 533 :: 
softly.r 534 :: 
softly.r 535 :: 
softly.r 536 :: 
softly.r 537 :: 
softly.r 538 :: 
softly.r 539 :: 
softly.r 540 :: 
special.a 541 :: extra 
special.a 542 :: extra 
special.a 543 :: extra 
special.a 544 :: extra 
special.a 545 :: extra 
special.a 546 :: extra 
special.a 547 :: extra 
special.a 548 :: extra 
special.a 549 :: extra 
special.a 550 :: extra 
way.n 551 :: style fashion path room manner means mode direction 
way.n 552 :: style fashion path manner means mode room direction 
way.n 553 :: style fashion path mode manner means room direction 
way.n 554 :: style path direction fashion agency means manner mode room 
way.n 555 :: style fashion path manner means mode room direction 
way.n 556 :: style room agency fashion path manner means mode direction 
way.n 557 :: style fashion path manner room means mode direction 
way.n 558 :: style fashion path manner means mode room direction 
way.n 559 :: style agency fashion path manner means direction mode room 
way.n 560 :: style fashion path manner means mode room direction 
about.r 561 :: 
about.r 562 :: 
about.r 563 :: 
about.r 564 :: 
about.r 565 :: 
about.r 566 :: 
about.r 567 :: 
about.r 568 :: 
about.r 569 :: 
about.r 570 :: 
bug.n 571 :: microbe germ 
bug.n 572 :: microbe glitch germ 
bug.n 573 :: microbe germ 
bug.n 574 :: microbe germ glitch 
bug.n 575 :: microbe germ glitch 
bug.n 576 :: microbe glitch germ 
bug.n 577 :: microbe glitch germ 
bug.n 578 :: microbe germ 
bug.n 579 :: microbe wiretap germ 
bug.n 580 :: microbe germ glitch 
bull.n 581 :: pig copper 
bull.n 582 :: pig copper 
bull.n 583 :: pig copper cop 
bull.n 584 :: pig copper 
bull.n 585 :: pig copper 
bull.n 586 :: pig copper 
bull.n 587 :: 
bull.n 588 :: pig copper 
bull.n 589 :: pig copper 
bull.n 590 :: pig copper 
education.n 591 :: training teaching instruction 
education.n 592 :: training instruction teaching 
education.n 593 :: training teaching instruction 
education.n 594 :: training teaching instruction 
education.n 595 :: training teaching instruction 
education.n 596 :: training teaching instruction 
education.n 597 :: training teaching instruction 
education.n 598 :: training teaching instruction 
education.n 599 :: training teaching instruction 
education.n 600 :: training teaching instruction 
girl.n 601 :: daughter young woman little girl girlfriend 
girl.n 602 :: daughter young woman girlfriend little girl 
girl.n 603 :: daughter girlfriend 
girl.n 604 :: daughter young woman girlfriend little girl 
girl.n 605 :: daughter young woman little girl girlfriend 
girl.n 606 :: daughter young woman girlfriend little girl 
girl.n 607 :: daughter young woman girlfriend little girl 
girl.n 608 :: daughter young woman little girl girlfriend 
girl.n 609 :: daughter girlfriend 
girl.n 610 :: daughter girl young woman girlfriend little girl 
good.a 611 :: well right safe commodity expert sound 
good.a 612 :: well right safe commodity expert sound 
good.a 613 :: right well expert safe sound commodity dear 
good.a 614 :: well right safe sound commodity expert 
good.a 615 :: well right expert safe commodity sound 
good.a 616 :: well right expert safe commodity sound 
good.a 617 :: well right commodity safe sound expert 
good.a 618 :: well right sound safe commodity expert 
good.a 619 :: well right safe commodity expert sound 
good.a 620 :: well right safe commodity sound expert 
hard.r 621 :: heavy tough 
hard.r 622 :: heavy tough 
hard.r 623 :: heavy tough 
hard.r 624 :: heavy tough 
hard.r 625 :: heavy tough 
hard.r 626 :: heavy tough 
hard.r 627 :: heavy tough 
hard.r 628 :: heavy tough 
hard.r 629 :: heavy tough 
hard.r 630 :: heavy tough 
heavy.a 631 :: sound 
heavy.a 632 :: sound 
heavy.a 633 :: sound 
heavy.a 634 :: sound 
heavy.a 635 :: sound 
heavy.a 636 :: heavy sound grave 
heavy.a 637 :: sound 
heavy.a 638 :: sound 
heavy.a 639 :: sound 
heavy.a 640 :: sound 
instead.r 641 :: 
instead.r 642 :: 
instead.r 643 :: 
instead.r 644 :: 
instead.r 645 :: 
instead.r 646 :: 
instead.r 647 :: 
instead.r 648 :: 
instead.r 649 :: 
instead.r 650 :: 
live.a 651 :: experience 
live.a 652 :: experience last 
live.a 653 :: experience last 
live.a 654 :: last experience 
live.a 655 :: experience 
live.a 656 :: last 
live.a 657 :: 
live.a 658 :: 
live.a 659 :: last experience 
live.a 660 :: last 
mass.n 661 :: volume lot bulk deal people raft mountain batch plenty pile 
mass.n 662 :: volume deal lot bulk people mountain raft plenty pile batch 
mass.n 663 :: volume lot bulk deal people raft mountain batch sight plenty 
mass.n 664 :: volume lot bulk mountain deal people raft batch plenty pile 
mass.n 665 :: volume deal lot bulk people mountain pile raft batch plenty 
mass.n 666 :: volume lot bulk deal people mountain raft batch pile wad 
mass.n 667 :: volume lot deal bulk people raft mountain batch plenty pile 
mass.n 668 :: volume lot bulk deal people raft mountain batch plenty pile 
mass.n 669 :: volume deal lot bulk people mountain raft plenty batch pile 
mass.n 670 :: volume deal bulk lot people raft mountain batch plenty pile 
match.n 671 :: rival couple equal fit touch mate tally pair check 
match.n 672 :: couple touch rival check equal mate pair fit 
match.n 673 :: rival couple touch check mate tally equal pair fit 
match.n 674 :: rival couple touch mate equal tally catch pair fit check 
match.n 675 :: rival couple touch mate equal tally pair fit pit 
match.n 676 :: rival couple touch mate equal tally pair fit 
match.n 677 :: rival couple touch mate equal tally pair fit 
match.n 678 :: couple rival touch mate equal tally pair fit twin 
match.n 679 :: rival couple touch mate equal tally pair fit 
match.n 680 :: rival couple touch twin equal fit mate tally pair check 
mood.n 681 :: humour temper humor 
mood.n 682 :: humour temper humor mode climate 
mood.n 683 :: humour temper humor mode climate 
mood.n 684 :: humour temper humor mode climate 
mood.n 685 :: humour temper humor mode climate 
mood.n 686 :: humour temper humor mode climate 
mood.n 687 :: humour temper humor mode 
mood.n 688 :: humour temper humor climate 
mood.n 689 :: humour climate mode temper humor 
mood.n 690 :: humour temper humor mode climate 
phone.n 691 :: call telephone sound 
phone.n 692 :: call telephone sound 
phone.n 693 :: telephone call ring sound 
phone.n 694 :: call telephone sound ring 
phone.n 695 :: call telephone sound 
phone.n 696 :: call telephone ring sound 
phone.n 697 :: call telephone sound 
phone.n 698 :: call telephone sound 
phone.n 699 :: call telephone sound 
phone.n 700 :: call telephone sound 
post.n 701 :: position place stake office spot berth mail brand situation station 
post.n 702 :: stake office position place spot brand berth mail station situation 
post.n 703 :: stake office position mail place spot berth brand station situation 
post.n 704 :: stake office position place mail station spot berth brand situation 
post.n 705 :: stake office position place spot brand berth mail station situation 
post.n 706 :: stake position office place brand station spot berth mail situation 
post.n 707 :: office position stake place spot berth mail brand station situation 
post.n 708 :: stake office position place brand spot berth mail station situation 
post.n 709 :: office position stake place spot berth mail station brand situation 
post.n 710 :: stake office position place spot brand berth mail station situation 
pound.n 711 :: pounding punt pound sterling hammering lumber lb 
pound.n 712 :: pounding punt pound sterling hammering lb 
pound.n 713 :: pounding punt pound sterling hammering lb 
pound.n 714 :: pound pounding punt lb pound sterling hammering 
pound.n 715 :: pounding punt lb hammer pound sterling hammering 
pound.n 716 :: pounding punt pound sterling hammering lb 
pound.n 717 :: pounding punt pound sterling hammering lb 
pound.n 718 :: pounding punt pound sterling hammering lb 
pound.n 719 :: pounding punt lb pound sterling hammering 
pound.n 720 :: punt pounding lb pound sterling hammering 
raw.a 721 :: crude new tender 
raw.a 722 :: crude tender new 
raw.a 723 :: crude tender new 
raw.a 724 :: crude new tender 
raw.a 725 :: crude tender new 
raw.a 726 :: crude tender new 
raw.a 727 :: crude new tender 
raw.a 728 :: crude sore new tender 
raw.a 729 :: crude tender new 
raw.a 730 :: crude tender new 
remainder.n 731 :: residue balance difference rest remnant residual 
remainder.n 732 :: residue balance rest difference remnant residual end 
remainder.n 733 :: residue balance end rest difference remnant residual 
remainder.n 734 :: balance rest residue difference remnant residual 
remainder.n 735 :: rest balance residue difference remnant residual 
remainder.n 736 :: balance residue rest difference remnant residual 
remainder.n 737 :: balance residue rest difference remnant residual 
remainder.n 738 :: residue balance difference rest remnant residual 
remainder.n 739 :: residue balance rest difference remnant residual 
remainder.n 740 :: residue balance rest end difference remnant residual 
rude.a 741 :: crude raw 
rude.a 742 :: crude raw 
rude.a 743 :: crude raw 
rude.a 744 :: crude raw 
rude.a 745 :: crude raw 
rude.a 746 :: crude raw 
rude.a 747 :: crude raw 
rude.a 748 :: crude raw 
rude.a 749 :: crude raw 
rude.a 750 :: crude raw 
saint.n 751 :: angel 
saint.n 752 :: angel 
saint.n 753 :: angel 
saint.n 754 :: 
saint.n 755 :: angel 
saint.n 756 :: angel ideal 
saint.n 757 :: angel ideal 
saint.n 758 :: angel 
saint.n 759 :: angel 
saint.n 760 :: angel ideal 
still.a 761 :: calm quiet ease silence stillness static lull 
still.a 762 :: calm quiet silence ease stillness static lull 
still.a 763 :: calm quiet silence static ease stillness lull 
still.a 764 :: calm quiet silence ease stillness static lull 
still.a 765 :: calm quiet silence ease stillness static lull 
still.a 766 :: calm quiet silence ease stillness static lull 
still.a 767 :: calm quiet silence ease stillness static lull 
still.a 768 :: calm quiet silence ease stillness static lull 
still.a 769 :: calm quiet silence ease stillness static lull 
still.a 770 :: calm quiet silence ease stillness static lull 
straight.a 771 :: square flat 
straight.a 772 :: square flat 
straight.a 773 :: flat square 
straight.a 774 :: square flat 
straight.a 775 :: square flat 
straight.a 776 :: square flat 
straight.a 777 :: flat square 
straight.a 778 :: square flat 
straight.a 779 :: square flat 
straight.a 780 :: square flat 
strain.n 781 :: stock line form song variant tune melody stress air breed 
strain.n 782 :: stock line form song variant tune melody stress air breed 
strain.n 783 :: stock line form song air tune variant try melody stress 
strain.n 784 :: stock line song reach tune air melody form try 
strain.n 785 :: stock line song air tune melody form 
strain.n 786 :: stock line song tune melody form air 
strain.n 787 :: line form song stock variant tune melody stress air breed 
strain.n 788 :: stock line form song tune variant melody stress try air 
strain.n 789 :: stock line form song variant tune melody stress air breed 
strain.n 790 :: stock line song form air tune variant melody 
time.n 791 :: metre sentence meter clip prison term 
time.n 792 :: sentence metre meter prison term 
time.n 793 :: metre sentence meter prison term 
time.n 794 :: sentence metre meter prison term 
time.n 795 :: metre sentence meter prison term 
time.n 796 :: metre sentence meter prison term 
time.n 797 :: metre sentence meter prison term 
time.n 798 :: metre sentence meter prison term 
time.n 799 :: metre sentence meter prison term 
time.n 800 :: metre sentence meter prison term 
yard.n 801 :: thousand one thousand 
yard.n 802 :: thousand one thousand 
yard.n 803 :: thousand one thousand 
yard.n 804 :: thousand pace one thousand 
yard.n 805 :: thousand one thousand 
yard.n 806 :: thousand one thousand 
yard.n 807 :: thousand one thousand 
yard.n 808 :: thousand one thousand 
yard.n 809 :: thousand one thousand 
yard.n 810 :: thousand one thousand 
apparently.r 811 :: 
apparently.r 812 :: 
apparently.r 813 :: 
apparently.r 814 :: 
apparently.r 815 :: 
apparently.r 816 :: 
apparently.r 817 :: 
apparently.r 818 :: 
apparently.r 819 :: plain 
apparently.r 820 :: 
around.r 821 :: round 
around.r 822 :: 
around.r 823 :: round 
around.r 824 :: 
around.r 825 :: round 
around.r 826 :: round 
around.r 827 :: round 
around.r 828 :: round 
around.r 829 :: 
around.r 830 :: 
away.r 831 :: 
away.r 832 :: 
away.r 833 :: 
away.r 834 :: 
away.r 835 :: 
away.r 836 :: 
away.r 837 :: 
away.r 838 :: 
away.r 839 :: 
away.r 840 :: 
blue.a 841 :: low 
blue.a 842 :: low 
blue.a 843 :: 
blue.a 844 :: dark 
blue.a 845 :: low 
blue.a 846 :: dark 
blue.a 847 :: low 
blue.a 848 :: 
blue.a 849 :: low 
blue.a 850 :: 
check.v 851 :: condition control match check delay crack break train arrest stop 
check.v 852 :: condition match control delay hinderance handicap break impediment chip verification 
check.v 853 :: condition match delay control hinderance handicap break stop impediment chip 
check.v 854 :: condition delay match control hinderance handicap chip break impediment verification 
check.v 855 :: condition control delay match hinderance handicap break impediment chip hitch 
check.v 856 :: condition delay control match hinderance handicap break impediment hitch crack 
check.v 857 :: 
check.v 858 :: condition control match train crack delay break arrest moderate check 
check.v 859 :: condition match control crack delay break arrest check train stop 
check.v 860 :: condition match control delay hinderance handicap break impediment stop train 
clear.v 861 :: gain net 
clear.v 862 :: gain make top net pass 
clear.v 863 :: gain make top net 
clear.v 864 :: gain make top light net pass clean 
clear.v 865 :: gain top clarification net 
clear.v 866 :: top gain pass make net 
clear.v 867 :: gain top net pass 
clear.v 868 :: gain net 
clear.v 869 :: gain top light net 
clear.v 870 :: make gain light net discharge 
close.n 871 :: last end finish conclusion ending finale closing 
close.n 872 :: last end finish ending conclusion closing finale 
close.n 873 :: last end finish conclusion ending closing finale 
close.n 874 :: last end finish conclusion ending closing finale 
close.n 875 :: last finish end conclusion ending closing finale 
close.n 876 :: last finish end conclusion ending closing finale 
close.n 877 :: last end finish conclusion ending closing finale 
close.n 878 :: last end finish conclusion ending closing finale 
close.n 879 :: last end finish conclusion ending finale closing 
close.n 880 :: last finish end conclusion ending closing finale 
come.v 881 :: number climax amount approach fall fare total 
come.v 882 :: number amount fall total fare 
come.v 883 :: number amount fall total fare 
come.v 884 :: number climax amount approach fall total fare 
come.v 885 :: number amount fall total fare 
come.v 886 :: number amount fall fare total 
come.v 887 :: number amount fall total fare 
come.v 888 :: number amount fall total fare 
come.v 889 :: number amount fall total fare 
come.v 890 :: number amount total fall fare 
cry.v 891 :: shout scream outcry rallying cry 
cry.v 892 :: shout scream 
cry.v 893 :: shout outcry rallying cry scream 
cry.v 894 :: cry shout scream outcry 
cry.v 895 :: call shout rank scream 
cry.v 896 :: shout outcry rallying cry scream 
cry.v 897 :: shout call outcry rallying cry scream 
cry.v 898 :: shout outcry scream 
cry.v 899 :: shout outcry rallying cry scream 
cry.v 900 :: shout call scream 
dismiss.v 901 :: discount drop fire can 
dismiss.v 902 :: discount drop fire can 
dismiss.v 903 :: discount drop fire can 
dismiss.v 904 :: discount drop fire can 
dismiss.v 905 :: discount drop fire can 
dismiss.v 906 :: discount drop fire can 
dismiss.v 907 :: discount drop fire can 
dismiss.v 908 :: drop discount fire can 
dismiss.v 909 :: discount fire drop can 
dismiss.v 910 :: discount drop fire can 
draw.v 911 :: line run tie force pass lot attraction haul thread string 
draw.v 912 :: line run force tie thread drag draw pass trace puff 
draw.v 913 :: line run force draw pass tie make thread draft guide 
draw.v 914 :: line run force pass thread tie drag draw trace guide 
draw.v 915 :: line run force pass lot tie attraction haul thread string 
draw.v 916 :: run line pass force tie attraction haul lot thread string 
draw.v 917 :: line run force pass draw tie make thread draft guide 
draw.v 918 :: line run force thread pass drag tie draw trace make 
draw.v 919 :: line run force quarter thread pass drag tie draw trace 
draw.v 920 :: line force run quarter tie thread pass drag draw trace 
earlier.r 921 :: early 
earlier.r 922 :: early 
earlier.r 923 :: early 
earlier.r 924 :: early 
earlier.r 925 :: early 
earlier.r 926 :: early 
earlier.r 927 :: 
earlier.r 928 :: former early 
earlier.r 929 :: early 
earlier.r 930 :: early 
entirely.r 931 :: 
entirely.r 932 :: 
entirely.r 933 :: 
entirely.r 934 :: 
entirely.r 935 :: 
entirely.r 936 :: 
entirely.r 937 :: 
entirely.r 938 :: 
entirely.r 939 :: 
entirely.r 940 :: 
forth.r 941 :: 
forth.r 942 :: forward 
forth.r 943 :: forward 
forth.r 944 :: forward 
forth.r 945 :: forward 
forth.r 946 :: forward 
forth.r 947 :: forward 
forth.r 948 :: 
forth.r 949 :: forward 
forth.r 950 :: forward 
fresh.a 951 :: new 
fresh.a 952 :: sweet 
fresh.a 953 :: clean tonic 
fresh.a 954 :: 
fresh.a 955 :: 
fresh.a 956 :: 
fresh.a 957 :: 
fresh.a 958 :: clean 
fresh.a 959 :: 
fresh.a 960 :: sweet clean 
go.v 961 :: work move start last lead run break function pass travel 
go.v 962 :: work move start last run lead pass break travel function 
go.v 963 :: work offer move start last run lead tour break pass 
go.v 964 :: work offer move start last run lead break tour pass 
go.v 965 :: move loss work start departure last run lead blend pass 
go.v 966 :: work offer move start last run lead break tour turn 
go.v 967 :: move work loss start last departure run lead release pass 
go.v 968 :: work move loss start last departure run lead blend pass 
go.v 969 :: work offer move start last run lead tour break pass 
go.v 970 :: work offer move start last run lead tour break pass 
let.v 971 :: lease permit rent 
let.v 972 :: lease permit rent 
let.v 973 :: lease permit rent 
let.v 974 :: lease rental permit rent 
let.v 975 :: lease permit rent 
let.v 976 :: lease permit rent 
let.v 977 :: lease permit rent 
let.v 978 :: lease permit rent 
let.v 979 :: lease rental permit rent 
let.v 980 :: lease permit rent 
liberal.a 981 :: 
liberal.a 982 :: giving broad 
liberal.a 983 :: 
liberal.a 984 :: 
liberal.a 985 :: 
liberal.a 986 :: 
liberal.a 987 :: 
liberal.a 988 :: 
liberal.a 989 :: 
liberal.a 990 :: 
light.a 991 :: short lighting lighter illumination spark clean 
light.a 992 :: short lighting lighter illumination spark clean 
light.a 993 :: short lighting lighter illumination spark clean 
light.a 994 :: fall short lighting lighter spark illumination clean 
light.a 995 :: short lighting lighter illumination spark clean 
light.a 996 :: short fall lighting lighter illumination spark clean 
light.a 997 :: short light 
light.a 998 :: short light barge clean 
light.a 999 :: short lighting lighter illumination spark clean 
light.a 1000 :: short lighting lighter illumination spark clean 
likewise.r 1001 :: 
likewise.r 1002 :: 
likewise.r 1003 :: 
likewise.r 1004 :: 
likewise.r 1005 :: 
likewise.r 1006 :: 
likewise.r 1007 :: 
likewise.r 1008 :: 
likewise.r 1009 :: 
likewise.r 1010 :: 
now.r 1011 :: today 
now.r 1012 :: 
now.r 1013 :: 
now.r 1014 :: 
now.r 1015 :: 
now.r 1016 :: 
now.r 1017 :: today 
now.r 1018 :: 
now.r 1019 :: 
now.r 1020 :: 
order.v 1021 :: rate order range place grade rank 
order.v 1022 :: order rate place range grade 
order.v 1023 :: rate order place range grade rank 
order.v 1024 :: club rate place decree edict range society grade rank 
order.v 1025 :: rate order range place grade 
order.v 1026 :: rate place club decree range society lodge rank grade edict 
order.v 1027 :: rate order place range grade 
order.v 1028 :: rate order range place grade 
order.v 1029 :: rate place range club decree society grade rank edict 
order.v 1030 :: rate order place range rank grade 
possibly.r 1031 :: 
possibly.r 1032 :: 
possibly.r 1033 :: 
possibly.r 1034 :: 
possibly.r 1035 :: 
possibly.r 1036 :: 
possibly.r 1037 :: 
possibly.r 1038 :: 
possibly.r 1039 :: 
possibly.r 1040 :: 
quick.a 1041 :: flying prompt 
quick.a 1042 :: flying prompt 
quick.a 1043 :: flying prompt 
quick.a 1044 :: flying prompt 
quick.a 1045 :: flying prompt 
quick.a 1046 :: flying prompt 
quick.a 1047 :: flying prompt 
quick.a 1048 :: flying prompt 
quick.a 1049 :: flying prompt 
quick.a 1050 :: flying prompt 
see.v 1051 :: project view control figure visit image check experience look regard 
see.v 1052 :: view figure image visit project control experience check look picture 
see.v 1053 :: view figure image visit project control check experience look picture 
see.v 1054 :: view figure project visit image control check experience picture look 
see.v 1055 :: view figure visit project image control check experience look picture 
see.v 1056 :: view figure project visit image control check experience look picture 
see.v 1057 :: view figure visit project image control check experience look date 
see.v 1058 :: view figure project visit image control check experience look watch 
see.v 1059 :: view figure project visit control image experience check picture look 
see.v 1060 :: figure view project visit image control look proverb check experience 
shortly.r 1061 :: short 
shortly.r 1062 :: short 
shortly.r 1063 :: short 
shortly.r 1064 :: short 
shortly.r 1065 :: 
shortly.r 1066 :: 
shortly.r 1067 :: short 
shortly.r 1068 :: short 
shortly.r 1069 :: short 
shortly.r 1070 :: 
skip.v 1071 :: cut jump 
skip.v 1072 :: cut jump 
skip.v 1073 :: cut jump 
skip.v 1074 :: cut jump 
skip.v 1075 :: cut jump 
skip.v 1076 :: cut jump 
skip.v 1077 :: cut jump 
skip.v 1078 :: cut jump 
skip.v 1079 :: cut jump 
skip.v 1080 :: cut jump 
solid.a 1081 :: firm 
solid.a 1082 :: 
solid.a 1083 :: 
solid.a 1084 :: firm 
solid.a 1085 :: firm square 
solid.a 1086 :: 
solid.a 1087 :: 
solid.a 1088 :: 
solid.a 1089 :: firm 
solid.a 1090 :: firm 
strong.a 1091 :: firm 
strong.a 1092 :: firm 
strong.a 1093 :: firm 
strong.a 1094 :: solid 
strong.a 1095 :: firm 
strong.a 1096 :: solid 
strong.a 1097 :: solid 
strong.a 1098 :: firm solid 
strong.a 1099 :: 
strong.a 1100 :: firm 
suffer.v 1101 :: woe support hurt distress ache stomach stand agony 
suffer.v 1102 :: support stand 
suffer.v 1103 :: support hurt stand bear 
suffer.v 1104 :: support stand 
suffer.v 1105 :: support hurt stand 
suffer.v 1106 :: support hurt stand 
suffer.v 1107 :: support stand 
suffer.v 1108 :: support stand 
suffer.v 1109 :: support hurt stand 
suffer.v 1110 :: ache support stand 
tap.v 1111 :: tap 
tap.v 1112 :: tap 
tap.v 1113 :: tap 
tap.v 1114 :: tap 
tap.v 1115 :: 
tap.v 1116 :: exploit 
tap.v 1117 :: intercept 
tap.v 1118 :: 
tap.v 1119 :: strike bug tip 
tap.v 1120 :: tap 
therefore.r 1121 :: 
therefore.r 1122 :: so 
therefore.r 1123 :: 
therefore.r 1124 :: 
therefore.r 1125 :: 
therefore.r 1126 :: 
therefore.r 1127 :: 
therefore.r 1128 :: 
therefore.r 1129 :: 
therefore.r 1130 :: so 
touch.v 1131 :: concern impact spot contact hint feeling rival affect trace equal 
touch.v 1132 :: concern contact impact touch rival affect equal match 
touch.v 1133 :: concern rival match contact impact touch affect equal 
touch.v 1134 :: concern impact contact hint feeling spot rival affect trace equal 
touch.v 1135 :: concern match impact spot rival hint contact feeling affect equal 
touch.v 1136 :: concern rival contact impact touch affect equal match 
touch.v 1137 :: concern impact contact feeling match hint spot rival affect trace 
touch.v 1138 :: concern contact impact touch rival advert affect equal match 
touch.v 1139 :: concern impact contact hint feeling spot rival affect trace equal 
touch.v 1140 :: concern contact rival impact touch match affect equal 
worthy.a 1141 :: 
worthy.a 1142 :: 
worthy.a 1143 :: 
worthy.a 1144 :: 
worthy.a 1145 :: 
worthy.a 1146 :: 
worthy.a 1147 :: 
worthy.a 1148 :: 
worthy.a 1149 :: 
worthy.a 1150 :: 
account.n 1151 :: report story accounting bill history score invoice explanation 
account.n 1152 :: report bill accounting history story score invoice explanation 
account.n 1153 :: report story history accounting bill score news report invoice explanation 
account.n 1154 :: report story accounting history explanation bill score invoice 
account.n 1155 :: report bill story history accounting score explanation invoice 
account.n 1156 :: report accounting story history score bill invoice explanation 
account.n 1157 :: report story accounting history bill score invoice explanation 
account.n 1158 :: report accounting bill story history score invoice explanation 
account.n 1159 :: report accounting story bill history score invoice explanation 
account.n 1160 :: report accounting story history bill score invoice explanation 
acquire.v 1161 :: win gain produce take 
acquire.v 1162 :: produce win gain take 
acquire.v 1163 :: win produce gain take 
acquire.v 1164 :: win produce gain take 
acquire.v 1165 :: win gain produce take 
acquire.v 1166 :: win produce gain take 
acquire.v 1167 :: win produce gain take 
acquire.v 1168 :: produce win gain take 
acquire.v 1169 :: win produce gain take 
acquire.v 1170 :: win gain produce take 
acute.a 1171 :: 
acute.a 1172 :: 
acute.a 1173 :: 
acute.a 1174 :: 
acute.a 1175 :: 
acute.a 1176 :: 
acute.a 1177 :: keen 
acute.a 1178 :: 
acute.a 1179 :: sharp 
acute.a 1180 :: 
below.r 1181 :: 
below.r 1182 :: 
below.r 1183 :: 
below.r 1184 :: 
below.r 1185 :: 
below.r 1186 :: 
below.r 1187 :: 
below.r 1188 :: 
below.r 1189 :: 
below.r 1190 :: 
bring.v 1191 :: work play land 
bring.v 1192 :: work play delivery land 
bring.v 1193 :: work land play 
bring.v 1194 :: work institute land play 
bring.v 1195 :: work land institute play 
bring.v 1196 :: work land play 
bring.v 1197 :: work land play take 
bring.v 1198 :: work land play 
bring.v 1199 :: work institute land play 
bring.v 1200 :: work land play take 
burst.v 1201 :: 
burst.v 1202 :: split break collapse burst bust 
burst.v 1203 :: break split collapse explosion volley outburst salvo fit flare-up 
burst.v 1204 :: split break collapse explosion volley outburst salvo fit flare-up 
burst.v 1205 :: split break collapse burst 
burst.v 1206 :: split break collapse explosion volley outburst salvo fit flare-up 
burst.v 1207 :: split break collapse explosion volley outburst salvo fit flare-up 
burst.v 1208 :: break split collapse burst 
burst.v 1209 :: split break collapse explosion volley outburst salvo fit flare-up 
burst.v 1210 :: split break explosion collapse volley outburst fit salvo flare-up 
call.v 1211 :: visit call bid cry telephone career shout phone address scream 
call.v 1212 :: visit bid call cry telephone phone address shout ring scream 
call.v 1213 :: visit call bid cry telephone shout promise address phone scream 
call.v 1214 :: visit cry bid telephone call shout phone address career scream 
call.v 1215 :: visit cry call telephone bid shout phone ring address scream 
call.v 1216 :: visit cry call telephone bid shout phone address scream promise 
call.v 1217 :: visit call bid cry telephone shout promise address phone scream 
call.v 1218 :: visit bid claim song cry telephone outcry phone shout phone call 
call.v 1219 :: visit song cry bid claim telephone outcry phone shout phone call 
call.v 1220 :: song cry bid visit telephone claim outcry phone shout phone call 
caravan.n 1221 :: van train 
caravan.n 1222 :: van train 
caravan.n 1223 :: train van 
caravan.n 1224 :: van train 
caravan.n 1225 :: van train 
caravan.n 1226 :: van train 
caravan.n 1227 :: van train 
caravan.n 1228 :: train van 
caravan.n 1229 :: train van 
caravan.n 1230 :: van train 
carry.v 1231 :: stock run channel hold transport post take 
carry.v 1232 :: run channel hold transport post take 
carry.v 1233 :: stock channel hold transport run post take 
carry.v 1234 :: run channel hold transport post take 
carry.v 1235 :: run channel hold transport post take 
carry.v 1236 :: stock run hold transport post channel take pack conduct 
carry.v 1237 :: stock run channel hold transport conduct post take 
carry.v 1238 :: run channel hold transport post take 
carry.v 1239 :: stock transport channel run hold pack stockpile conduct post take 
carry.v 1240 :: run channel stock hold sway transport stockpile conduct post take 
clear.a 1241 :: gain light top net 
clear.a 1242 :: gain top make open light net 
clear.a 1243 :: gain clean light net 
clear.a 1244 :: gain light net 
clear.a 1245 :: gain pass make light net 
clear.a 1246 :: gain make light top net pass 
clear.a 1247 :: gain light clean net 
clear.a 1248 :: gain top light clean make net 
clear.a 1249 :: gain top light net pass 
clear.a 1250 :: gain make light top net 
close.r 1251 :: last finish end conclusion ending closing finale 
close.r 1252 :: last end finish conclusion ending finale closing 
close.r 1253 :: last end finish conclusion ending closing finale 
close.r 1254 :: last finish end ending conclusion closing finale 
close.r 1255 :: last end finish conclusion ending closing finale 
close.r 1256 :: last finish end conclusion ending closing finale 
close.r 1257 :: last finish end conclusion ending finale closing 
close.r 1258 :: last finish end ending conclusion closing finale 
close.r 1259 :: last end finish conclusion ending finale closing 
close.r 1260 :: last end finish ending conclusion closing finale 
closely.r 1261 :: 
closely.r 1262 :: close 
closely.r 1263 :: 
closely.r 1264 :: 
closely.r 1265 :: close 
closely.r 1266 :: 
closely.r 1267 :: 
closely.r 1268 :: 
closely.r 1269 :: 
closely.r 1270 :: 
decline.v 1271 :: fall slump descent 
decline.v 1272 :: decline slump 
decline.v 1273 :: decline slump 
decline.v 1274 :: fall slump descent 
decline.v 1275 :: fall slump descent 
decline.v 1276 :: decline slump 
decline.v 1277 :: fall slump descent 
decline.v 1278 :: decline slump 
decline.v 1279 :: decline slump 
decline.v 1280 :: decline slump 
drop.v 1281 :: drop swing 
drop.v 1282 :: fall dip pearl swing drop-off shed bead 
drop.v 1283 :: drop swing 
drop.v 1284 :: fall dip pearl swing drop-off bead 
drop.v 1285 :: fall dip pearl swing drop-off bead 
drop.v 1286 :: drop swing neglect shed 
drop.v 1287 :: drop swing 
drop.v 1288 :: cast swing drop 
drop.v 1289 :: fall dip pearl swing drop-off bead 
drop.v 1290 :: fall dip pearl swing drop-off bead 
easy.a 1291 :: 
easy.a 1292 :: 
easy.a 1293 :: 
easy.a 1294 :: 
easy.a 1295 :: light 
easy.a 1296 :: light 
easy.a 1297 :: light 
easy.a 1298 :: light 
easy.a 1299 :: light 
easy.a 1300 :: 
endure.v 1301 :: last stomach run weather support stand 
endure.v 1302 :: last run weather support stand 
endure.v 1303 :: support last weather run stomach stand 
endure.v 1304 :: last run weather support stand 
endure.v 1305 :: last weather run support stand 
endure.v 1306 :: last weather run support bear stand 
endure.v 1307 :: last support weather run stand 
endure.v 1308 :: last support weather run stand 
endure.v 1309 :: last weather support run stand 
endure.v 1310 :: weather last run stomach stand support 
extended.a 1311 :: offer run lead pass cover stretch 
extended.a 1312 :: offer lead run pass cover stretch 
extended.a 1313 :: offer run lead pass cover stretch strain 
extended.a 1314 :: offer run lead pass cover stretch strain 
extended.a 1315 :: offer run lead cover pass stretch 
extended.a 1316 :: run offer lead pass cover stretch strain 
extended.a 1317 :: offer run lead cover pass stretch 
extended.a 1318 :: 
extended.a 1319 :: run offer lead pass cover stretch 
extended.a 1320 :: run offer lead pass cover stretch strain 
external.a 1321 :: international 
external.a 1322 :: international 
external.a 1323 :: 
external.a 1324 :: 
external.a 1325 :: 
external.a 1326 :: 
external.a 1327 :: 
external.a 1328 :: 
external.a 1329 :: 
external.a 1330 :: 
field.n 1331 :: study theatre area battlefield airfield theater discipline domain arena sphere 
field.n 1332 :: area study theatre battlefield airfield theater discipline domain arena sphere 
field.n 1333 :: area theatre battlefield airfield theater discipline domain arena sphere subject 
field.n 1334 :: area theatre battlefield airfield theater study discipline domain arena sphere 
field.n 1335 :: theatre arena area discipline battlefield airfield theater domain plain sphere 
field.n 1336 :: area theatre battlefield airfield theater discipline domain arena study sphere 
field.n 1337 :: theatre area battlefield airfield theater discipline domain arena plain sphere 
field.n 1338 :: theatre area battlefield airfield theater discipline subject study domain arena 
field.n 1339 :: area theatre battlefield airfield study theater discipline domain arena sphere 
field.n 1340 :: study area theatre battlefield playing field airfield theater plain arena discipline 
flat.a 1341 :: level plane apartment straight 
flat.a 1342 :: level plane apartment straight 
flat.a 1343 :: level plane apartment straight 
flat.a 1344 :: level straight plane apartment 
flat.a 1345 :: level plane apartment straight 
flat.a 1346 :: level plane apartment straight 
flat.a 1347 :: level plane apartment straight 
flat.a 1348 :: level plane apartment straight 
flat.a 1349 :: level apartment plane straight 
flat.a 1350 :: level plane apartment straight 
forward.r 1351 :: 
forward.r 1352 :: 
forward.r 1353 :: 
forward.r 1354 :: 
forward.r 1355 :: 
forward.r 1356 :: 
forward.r 1357 :: 
forward.r 1358 :: 
forward.r 1359 :: 
forward.r 1360 :: 
fundamental.a 1361 :: key 
fundamental.a 1362 :: key 
fundamental.a 1363 :: key 
fundamental.a 1364 :: key 
fundamental.a 1365 :: key 
fundamental.a 1366 :: key 
fundamental.a 1367 :: key 
fundamental.a 1368 :: key 
fundamental.a 1369 :: key 
fundamental.a 1370 :: key 
get.v 1371 :: contract start aim make cause experience arrest draw gravel father 
get.v 1372 :: aim start contract father mother make cause experience arrest draw 
get.v 1373 :: contract start make arrest gravel father aim cause drive draw 
get.v 1374 :: aim contract start make cause experience arrest draw gravel father 
get.v 1375 :: aim contract start experience cause make beat arrest draw gravel 
get.v 1376 :: contract start aim cause drive experience draw make arrest gravel 
get.v 1377 :: contract start aim father mother cause arrest experience drive make 
get.v 1378 :: aim contract start make cause experience arrest draw gravel father 
get.v 1379 :: aim contract start make cause experience arrest draw gravel father 
get.v 1380 :: aim contract start father cause make experience arrest draw gravel 
hold.v 1381 :: property control make hold support take guard harbour give book 
hold.v 1382 :: control delay support arrest make take detention guard wait harbour 
hold.v 1383 :: control make support take hold harbour give guard check book 
hold.v 1384 :: control support make hold take harbour give book guard check 
hold.v 1385 :: control make hold take guard harbour give book check arrest 
hold.v 1386 :: control property make hold take guard book harbour give check 
hold.v 1387 :: control support book make hold take guard harbour give check 
hold.v 1388 :: control property make hold take book guard harbour give support 
hold.v 1389 :: control make book take guard hold harbour give support check 
hold.v 1390 :: property control make take book hold support harbour give check 
informal.a 1391 :: 
informal.a 1392 :: 
informal.a 1393 :: 
informal.a 1394 :: 
informal.a 1395 :: 
informal.a 1396 :: intimate 
informal.a 1397 :: 
informal.a 1398 :: 
informal.a 1399 :: 
informal.a 1400 :: 
inner.a 1401 :: inside 
inner.a 1402 :: inside interior 
inner.a 1403 :: interior inside 
inner.a 1404 :: inside 
inner.a 1405 :: inside 
inner.a 1406 :: 
inner.a 1407 :: inside 
inner.a 1408 :: 
inner.a 1409 :: inside interior 
inner.a 1410 :: 
investigator.n 1411 :: researcher detective police detective 
investigator.n 1412 :: researcher detective police detective 
investigator.n 1413 :: researcher detective police detective 
investigator.n 1414 :: researcher detective police detective 
investigator.n 1415 :: researcher detective police detective 
investigator.n 1416 :: researcher detective police detective 
investigator.n 1417 :: researcher detective police detective 
investigator.n 1418 :: researcher detective police detective 
investigator.n 1419 :: researcher detective police detective 
investigator.n 1420 :: researcher detective police detective 
letter.n 1421 :: 
letter.n 1422 :: 
letter.n 1423 :: 
letter.n 1424 :: 
letter.n 1425 :: 
letter.n 1426 :: 
letter.n 1427 :: 
letter.n 1428 :: 
letter.n 1429 :: 
letter.n 1430 :: 
loud.a 1431 :: 
loud.a 1432 :: 
loud.a 1433 :: 
loud.a 1434 :: 
loud.a 1435 :: 
loud.a 1436 :: 
loud.a 1437 :: 
loud.a 1438 :: 
loud.a 1439 :: 
loud.a 1440 :: 
mad.a 1441 :: 
mad.a 1442 :: 
mad.a 1443 :: 
mad.a 1444 :: 
mad.a 1445 :: sore 
mad.a 1446 :: 
mad.a 1447 :: 
mad.a 1448 :: 
mad.a 1449 :: 
mad.a 1450 :: 
make.v 1451 :: work hold make form take hit gain give draw score 
make.v 1452 :: work form name brand hit hold take give gain draw 
make.v 1453 :: work name form brand take gain hold give draw hit 
make.v 1454 :: work form make hit gain hold score take give draw 
make.v 1455 :: work name brand hold form take give gain draw produce 
make.v 1456 :: work name brand hold form take give gain hit draw 
make.v 1457 :: work form gain hit name brand hold take give draw 
make.v 1458 :: work hit make form gain hold take give draw score 
make.v 1459 :: hold work make form take hit gain give draw score 
make.v 1460 :: hold make hit work form take give gain draw produce 
mission.n 1461 :: charge commission delegation 
mission.n 1462 :: charge commission delegation 
mission.n 1463 :: commission charge delegation 
mission.n 1464 :: commission delegation 
mission.n 1465 :: commission charge delegation 
mission.n 1466 :: commission charge delegation 
mission.n 1467 :: commission delegation 
mission.n 1468 :: commission delegation 
mission.n 1469 :: commission charge delegation 
mission.n 1470 :: commission delegation 
near.r 1471 :: approach 
near.r 1472 :: approach 
near.r 1473 :: 
near.r 1474 :: approach 
near.r 1475 :: good 
near.r 1476 :: good 
near.r 1477 :: approach 
near.r 1478 :: 
near.r 1479 :: approach 
near.r 1480 :: approach 
open.a 1481 :: 
open.a 1482 :: 
open.a 1483 :: subject surface 
open.a 1484 :: spread surface subject 
open.a 1485 :: 
open.a 1486 :: 
open.a 1487 :: spread subject 
open.a 1488 :: spread subject 
open.a 1489 :: surface subject 
open.a 1490 :: 
pot.n 1491 :: deal raft mountain lot weed batch toilet can pile wad 
pot.n 1492 :: deal raft toilet lot weed mountain can batch pile wad 
pot.n 1493 :: deal raft lot mountain weed toilet batch pile can wad 
pot.n 1494 :: deal raft mountain lot weed toilet batch pile wad spate 
pot.n 1495 :: deal raft lot mountain toilet weed batch pile can wad 
pot.n 1496 :: deal raft mountain lot batch weed toilet spate pile wad 
pot.n 1497 :: deal lot raft mountain can toilet corporation weed batch mass 
pot.n 1498 :: deal lot raft mountain weed toilet batch pile corporation wad 
pot.n 1499 :: deal lot raft toilet mountain weed batch can pile wad 
pot.n 1500 :: deal mountain lot raft toilet weed batch can smoke pile 
profound.a 1501 :: sound fundamental heavy 
profound.a 1502 :: sound fundamental heavy 
profound.a 1503 :: sound fundamental heavy 
profound.a 1504 :: sound fundamental heavy 
profound.a 1505 :: sound fundamental heavy 
profound.a 1506 :: sound fundamental heavy 
profound.a 1507 :: sound fundamental heavy 
profound.a 1508 :: sound fundamental heavy 
profound.a 1509 :: sound fundamental heavy 
profound.a 1510 :: sound fundamental heavy 
prominent.a 1511 :: 
prominent.a 1512 :: 
prominent.a 1513 :: 
prominent.a 1514 :: 
prominent.a 1515 :: 
prominent.a 1516 :: 
prominent.a 1517 :: 
prominent.a 1518 :: striking spectacular 
prominent.a 1519 :: spectacular striking 
prominent.a 1520 :: 
pull.v 1521 :: force drag draw tear puff clout pulling rip 
pull.v 1522 :: tear draw rip force 
pull.v 1523 :: tear draw rip 
pull.v 1524 :: drag draw tear puff clout pulling rip force 
pull.v 1525 :: drag draw tear clout puff pulling rip 
pull.v 1526 :: force drag tear draw puff clout pulling rip 
pull.v 1527 :: draw force tear puff clout rip 
pull.v 1528 :: drag draw tear puff pulling rip force clout 
pull.v 1529 :: tear force pull rip 
pull.v 1530 :: drag draw tear puff clout pulling rip force 
range.n 1531 :: order rate run place crop image reach cast roll grade 
range.n 1532 :: rate order run place reach crop image roll scope chain 
range.n 1533 :: rate order run place image crop reach roll chain scope 
range.n 1534 :: rate order place run reach image crop array scope roll 
range.n 1535 :: rate order run place image reach crop grasp roll chain 
range.n 1536 :: rate order chain place run crop image reach roll scope 
range.n 1537 :: rate order place run reach crop image roll scope chain 
range.n 1538 :: rate crop place run order reach image roll chain scope 
range.n 1539 :: rate order place run reach crop image roll scope chain 
range.n 1540 :: rate order run reach place crop image roll scope chain 
rather.r 1541 :: 
rather.r 1542 :: 
rather.r 1543 :: 
rather.r 1544 :: 
rather.r 1545 :: 
rather.r 1546 :: 
rather.r 1547 :: 
rather.r 1548 :: 
rather.r 1549 :: 
rather.r 1550 :: 
render.v 1551 :: yield supply show return picture try 
render.v 1552 :: yield supply return show picture 
render.v 1553 :: yield supply show return picture 
render.v 1554 :: yield supply version interpretation return picture show translation 
render.v 1555 :: yield supply show return try picture 
render.v 1556 :: yield supply show return picture 
render.v 1557 :: yield supply version return interpretation show picture translation 
render.v 1558 :: supply yield show return give picture try 
render.v 1559 :: yield supply return show picture try 
render.v 1560 :: yield supply return show picture 
rhythm.n 1561 :: round beat cycle 
rhythm.n 1562 :: round cycle beat 
rhythm.n 1563 :: round beat cycle 
rhythm.n 1564 :: beat round cycle 
rhythm.n 1565 :: round cycle 
rhythm.n 1566 :: round beat cycle 
rhythm.n 1567 :: round cycle beat 
rhythm.n 1568 :: round cycle 
rhythm.n 1569 :: round cycle beat 
rhythm.n 1570 :: round beat cycle 
scene.n 1571 :: view prospect vista picture shot scenery setting aspect panorama fit 
scene.n 1572 :: view prospect vista picture scenery setting aspect shot panorama fit 
scene.n 1573 :: view prospect vista shot picture scenery setting aspect panorama fit 
scene.n 1574 :: view prospect vista picture shot scenery setting aspect panorama fit 
scene.n 1575 :: view prospect vista picture scenery shot setting aspect panorama fit 
scene.n 1576 :: view shot prospect setting picture vista fit scenery aspect panorama 
scene.n 1577 :: view prospect vista picture scenery aspect setting shot panorama fit 
scene.n 1578 :: view prospect vista shot picture scenery setting aspect panorama fit 
scene.n 1579 :: view prospect shot vista picture setting scenery aspect panorama fit 
scene.n 1580 :: view prospect vista picture shot scenery setting aspect panorama fit 
serious.a 1581 :: 
serious.a 1582 :: 
serious.a 1583 :: grave 
serious.a 1584 :: grave 
serious.a 1585 :: 
serious.a 1586 :: grave 
serious.a 1587 :: 
serious.a 1588 :: 
serious.a 1589 :: 
serious.a 1590 :: 
shade.n 1591 :: shadow ghost nuance tad spectre specter subtlety tone 
shade.n 1592 :: shadow ghost nuance spectre subtlety specter 
shade.n 1593 :: shadow ghost nuance tad spectre specter subtlety tone 
shade.n 1594 :: shadow ghost nuance spectre subtlety specter 
shade.n 1595 :: shadow ghost nuance tad spectre specter subtlety 
shade.n 1596 :: shadow ghost nuance tad spectre tone specter subtlety 
shade.n 1597 :: shadow ghost nuance spectre specter subtlety 
shade.n 1598 :: shadow ghost nuance tad spectre tone specter subtlety 
shade.n 1599 :: ghost shadow nuance spectre specter subtlety tone 
shade.n 1600 :: shadow ghost nuance spectre dark glasses sunglasses specter subtlety tone 
so.r 1601 :: 
so.r 1602 :: 
so.r 1603 :: 
so.r 1604 :: 
so.r 1605 :: 
so.r 1606 :: 
so.r 1607 :: 
so.r 1608 :: 
so.r 1609 :: 
so.r 1610 :: 
soft.a 1611 :: mild 
soft.a 1612 :: 
soft.a 1613 :: 
soft.a 1614 :: 
soft.a 1615 :: 
soft.a 1616 :: 
soft.a 1617 :: 
soft.a 1618 :: 
soft.a 1619 :: 
soft.a 1620 :: piano 
soil.n 1621 :: land ground dirt territory filth grease 
soil.n 1622 :: 
soil.n 1623 :: land ground dirt territory filth grease 
soil.n 1624 :: land ground dirt territory filth grease 
soil.n 1625 :: land ground dirt territory grease filth 
soil.n 1626 :: land ground territory dirt filth grease 
soil.n 1627 :: land ground dirt territory filth grease 
soil.n 1628 :: land ground dirt territory filth grease 
soil.n 1629 :: land ground dirt territory filth grease 
soil.n 1630 :: land ground dirt territory filth grease 
steady.a 1631 :: calm 
steady.a 1632 :: firm regular calm 
steady.a 1633 :: firm calm 
steady.a 1634 :: calm 
steady.a 1635 :: 
steady.a 1636 :: calm 
steady.a 1637 :: firm calm 
steady.a 1638 :: firm calm 
steady.a 1639 :: calm 
steady.a 1640 :: firm calm 
stiff.a 1641 :: firm remains corpse steady cadaver 
stiff.a 1642 :: remains corpse steady cadaver 
stiff.a 1643 :: remains corpse steady firm cadaver 
stiff.a 1644 :: firm remains corpse steady cadaver 
stiff.a 1645 :: remains firm corpse steady cadaver 
stiff.a 1646 :: remains corpse steady cadaver 
stiff.a 1647 :: remains corpse steady clay cadaver 
stiff.a 1648 :: 
stiff.a 1649 :: remains corpse steady clay cadaver 
stiff.a 1650 :: remains corpse firm steady cadaver 
strange.a 1651 :: 
strange.a 1652 :: 
strange.a 1653 :: 
strange.a 1654 :: 
strange.a 1655 :: 
strange.a 1656 :: 
strange.a 1657 :: 
strange.a 1658 :: 
strange.a 1659 :: 
strange.a 1660 :: 
strike.v 1661 :: move work stoppage fall hit 
strike.v 1662 :: move hit fall strike 
strike.v 1663 :: move strike fall hit take 
strike.v 1664 :: move hit spectacular hitting strike fall contact 
strike.v 1665 :: move work stoppage fall hit coin 
strike.v 1666 :: move coin fall strike 
strike.v 1667 :: move hit fall strike 
strike.v 1668 :: hit move fall 
strike.v 1669 :: hit move fall 
strike.v 1670 :: move hit excise hitting strike fall contact 
suspect.v 1671 :: mistrust defendant distrust 
suspect.v 1672 :: mistrust defendant distrust 
suspect.v 1673 :: mistrust distrust 
suspect.v 1674 :: mistrust defendant distrust 
suspect.v 1675 :: defendant mistrust distrust 
suspect.v 1676 :: 
suspect.v 1677 :: mistrust defendant distrust 
suspect.v 1678 :: mistrust defendant distrust 
suspect.v 1679 :: defendant mistrust distrust 
suspect.v 1680 :: suspect mistrust distrust 
tender.a 1681 :: bid offer stamp 
tender.a 1682 :: bid offer 
tender.a 1683 :: bid offer 
tender.a 1684 :: bid offer raw 
tender.a 1685 :: bid offer 
tender.a 1686 :: bid offer raw 
tender.a 1687 :: bid offer raw 
tender.a 1688 :: bid offer raw 
tender.a 1689 :: tender 
tender.a 1690 :: tender 
test.n 1691 :: run trial examination exam try screen 
test.n 1692 :: run trial examination try exam screen 
test.n 1693 :: run examination trial screen exam try 
test.n 1694 :: run examination trial exam try 
test.n 1695 :: run examination trial exam try 
test.n 1696 :: run examination trial exam try 
test.n 1697 :: run trial examination exam try screen 
test.n 1698 :: run trial examination exam try 
test.n 1699 :: run trial examination try exam screen 
test.n 1700 :: run examination trial exam try screen 
throw.v 1701 :: project drop make hold give switch stroke 
throw.v 1702 :: project make hold drop give switch fox 
throw.v 1703 :: hold make give project drop stroke thrust switch 
throw.v 1704 :: project make hold give drop throw switch 
throw.v 1705 :: drop hold make give project switch throw thrust 
throw.v 1706 :: project make give hold drop throw switch 
throw.v 1707 :: make hold drop give throw switch 
throw.v 1708 :: project make hold drop give switch 
throw.v 1709 :: hold make drop give cast switch 
throw.v 1710 :: hold make drop give fox shed throw switch 
tremendous.a 1711 :: 
tremendous.a 1712 :: 
tremendous.a 1713 :: 
tremendous.a 1714 :: 
tremendous.a 1715 :: 
tremendous.a 1716 :: 
tremendous.a 1717 :: 
tremendous.a 1718 :: 
tremendous.a 1719 :: 
tremendous.a 1720 :: 
true.a 1721 :: 
true.a 1722 :: 
true.a 1723 :: 
true.a 1724 :: 
true.a 1725 :: straight 
true.a 1726 :: 
true.a 1727 :: 
true.a 1728 :: 
true.a 1729 :: 
true.a 1730 :: 
truly.r 1731 :: 
truly.r 1732 :: 
truly.r 1733 :: 
truly.r 1734 :: 
truly.r 1735 :: 
truly.r 1736 :: 
truly.r 1737 :: 
truly.r 1738 :: 
truly.r 1739 :: 
truly.r 1740 :: 
vital.a 1741 :: 
vital.a 1742 :: 
vital.a 1743 :: 
vital.a 1744 :: 
vital.a 1745 :: 
vital.a 1746 :: 
vital.a 1747 :: 
vital.a 1748 :: 
vital.a 1749 :: 
vital.a 1750 :: 
worldwide.a 1751 :: world general 
worldwide.a 1752 :: world general 
worldwide.a 1753 :: world 
worldwide.a 1754 :: general 
worldwide.a 1755 :: world 
worldwide.a 1756 :: world 
worldwide.a 1757 :: general 
worldwide.a 1758 :: world 
worldwide.a 1759 :: general world 
worldwide.a 1760 :: world general 
yet.r 1761 :: 
yet.r 1762 :: 
yet.r 1763 :: 
yet.r 1764 :: 
yet.r 1765 :: 
yet.r 1766 :: 
yet.r 1767 :: 
yet.r 1768 :: 
yet.r 1769 :: 
yet.r 1770 :: 
blow.n 1771 :: waste blast shock snow setback gas reversal drift bump float 
blow.n 1772 :: waste shock blast gas snow reversal setback drift bump float 
blow.n 1773 :: blast waste shock snow setback reversal gas drift float bump 
blow.n 1774 :: waste shock blast gas snow setback reversal drift bump float 
blow.n 1775 :: waste blast shock snow setback gas reversal drift bump float 
blow.n 1776 :: waste blast shock snow setback gas reversal drift bump float 
blow.n 1777 :: blast waste shock snow setback gas reversal drift bump float 
blow.n 1778 :: waste blast shock gas setback snow reversal drift bump float 
blow.n 1779 :: blast waste shock setback snow reversal gas drift bump float 
blow.n 1780 :: waste blast shock gas setback snow reversal float drift bump 
board.n 1781 :: panel card room table 
board.n 1782 :: card room panel table 
board.n 1783 :: card panel room table 
board.n 1784 :: card panel room plank table 
board.n 1785 :: card room panel table 
board.n 1786 :: card room panel table 
board.n 1787 :: room card panel table 
board.n 1788 :: panel card room table 
board.n 1789 :: card panel room table 
board.n 1790 :: card room panel table 
cap.n 1791 :: capital crown ceiling jacket roof hood detonator 
cap.n 1792 :: capital crown ceiling jacket roof hood detonator 
cap.n 1793 :: capital crown ceiling jacket roof hood detonator 
cap.n 1794 :: capital crown ceiling jacket roof hood detonator 
cap.n 1795 :: capital crown ceiling jacket roof hood detonator 
cap.n 1796 :: capital crown ceiling jacket roof hood detonator 
cap.n 1797 :: ceiling jacket roof hood capital crown detonator 
cap.n 1798 :: ceiling jacket roof hood capital crown detonator 
cap.n 1799 :: jacket capital crown ceiling roof hood detonator 
cap.n 1800 :: capital ceiling crown jacket roof hood detonator 
change.v 1801 :: exchange change switch transfer shift 
change.v 1802 :: exchange switch shift transfer modification variety alteration 
change.v 1803 :: exchange switch transfer shift modification variety alteration 
change.v 1804 :: exchange transfer switch variety shift modification alteration 
change.v 1805 :: 
change.v 1806 :: exchange switch transfer shift modification variety alteration 
change.v 1807 :: change exchange shift switch transfer 
change.v 1808 :: exchange switch transfer shift modification variety alteration 
change.v 1809 :: exchange switch transfer shift modification variety alteration 
change.v 1810 :: 
charge.n 1811 :: level bill rush commission burden care point kick complaint mission 
charge.n 1812 :: level bill burden commission rush kick complaint mission care load 
charge.n 1813 :: level bill commission burden rush direction kick mission point complaint 
charge.n 1814 :: commission level bill burden mission complaint rush care point kick 
charge.n 1815 :: level bill commission burden rush kick point mission complaint care 
charge.n 1816 :: bill commission level mission burden rush complaint care load kick 
charge.n 1817 :: level commission bill burden mission complaint rush point care kick 
charge.n 1818 :: level point commission bill burden rush kick complaint mission care 
charge.n 1819 :: level bill commission burden rush point kick mission complaint care 
charge.n 1820 :: bill commission level mission burden rush kick complaint care load 
execution.n 1821 :: performance murder death penalty implementation capital punishment slaying 
execution.n 1822 :: performance murder death penalty implementation capital punishment slaying 
execution.n 1823 :: performance death penalty murder slaying implementation capital punishment 
execution.n 1824 :: murder performance death penalty implementation capital punishment slaying 
execution.n 1825 :: murder death penalty performance implementation capital punishment slaying 
execution.n 1826 :: murder performance death penalty implementation capital punishment slaying 
execution.n 1827 :: murder performance death penalty implementation capital punishment slaying 
execution.n 1828 :: murder performance death penalty implementation capital punishment slaying 
execution.n 1829 :: murder performance death penalty implementation capital punishment slaying 
execution.n 1830 :: murder performance death penalty implementation capital punishment slaying 
fall.v 1831 :: decline strike return drop surrender flow dip descent tumble light 
fall.v 1832 :: fall return strike drop flow light pass decrease 
fall.v 1833 :: fall strike return flow light pass decrease 
fall.v 1834 :: fall strike return flow decrease light pass 
fall.v 1835 :: fall strike return drop flow light pass decrease 
fall.v 1836 :: decline strike return drop surrender flow settle dip decrease descent 
fall.v 1837 :: fall return strike drop flow light pass decrease 
fall.v 1838 :: fall return strike drop flow light pass decrease fly 
fall.v 1839 :: fall return strike flow decrease light pass 
fall.v 1840 :: fall return strike flow light drop pass decrease 
figure.n 1841 :: project number forecast form design frame picture image estimate pattern 
figure.n 1842 :: project forecast number form design frame image picture pattern estimate 
figure.n 1843 :: project forecast number form design frame image picture pattern estimate 
figure.n 1844 :: project forecast number form design frame picture image estimate pattern 
figure.n 1845 :: project forecast number form design frame estimate image picture pattern 
figure.n 1846 :: project forecast number form design frame image picture pattern estimate 
figure.n 1847 :: project forecast number form design frame image picture pattern estimate 
figure.n 1848 :: project number forecast form frame design image picture pattern estimate 
figure.n 1849 :: 
figure.n 1850 :: project number forecast form image design picture frame pattern shape 
fire.v 1851 :: fuel fire can sack 
fire.v 1852 :: fuel fire can sack 
fire.v 1853 :: fuel fire raise can 
fire.v 1854 :: fuel fire can raise 
fire.v 1855 :: attack firing fuel flak fervour blast can raise discharge fervor 
fire.v 1856 :: fuel discharge fire can sack 
fire.v 1857 :: fuel fire can 
fire.v 1858 :: fuel fire can 
fire.v 1859 :: fuel can fire burn sack 
fire.v 1860 :: fuel fire can 
function.n 1861 :: work procedure part use office run map role affair routine 
function.n 1862 :: work use procedure part office run map role affair routine 
function.n 1863 :: work part procedure use office run map role affair purpose 
function.n 1864 :: 
function.n 1865 :: work procedure use part office run role map purpose affair 
function.n 1866 :: work part use office procedure run purpose map role affair 
function.n 1867 :: work use part office role procedure run affair map mapping 
function.n 1868 :: work part office use run procedure role map affair serve 
function.n 1869 :: work use part office procedure run map role affair purpose 
function.n 1870 :: work part use procedure office role map affair run purpose 
jam.n 1871 :: block pack mob hole mess throng pile 
jam.n 1872 :: pack block mob hole mess throng pile 
jam.n 1873 :: mob hole pack block mess throng pile 
jam.n 1874 :: block hole mob pack mess throng pile 
jam.n 1875 :: block mob hole pack pickle mess throng pile 
jam.n 1876 :: block mob pack hole pile mess throng 
jam.n 1877 :: block mob hole pack mess throng pile crush fix 
jam.n 1878 :: block mob hole pack press mess throng pile 
jam.n 1879 :: block mob hole pack press mess throng pile crush 
jam.n 1880 :: block hole mob pack pile mess throng 
lead.n 1881 :: run result pass wind top tip track take moderate confidential information 
lead.n 1882 :: result run pass wind tip star track take top moderate 
lead.n 1883 :: result run pass wind star top tip take chair track 
lead.n 1884 :: run result pass wind top star tip track head take 
lead.n 1885 :: run pass star wind result tip top track take chair 
lead.n 1886 :: result run star wind pass top track tip take chair 
lead.n 1887 :: run result pass wind top tip star track take chair 
lead.n 1888 :: run result pass wind top tip take track leave moderate 
lead.n 1889 :: result run wind pass top tip take star track moderate 
lead.n 1890 :: run result pass wind top tip principal chair track take 
paper.n 1891 :: report newspaper theme composition 
paper.n 1892 :: report theme newspaper composition 
paper.n 1893 :: report theme newspaper composition 
paper.n 1894 :: report theme newspaper composition 
paper.n 1895 :: report theme newspaper composition 
paper.n 1896 :: report theme newspaper composition 
paper.n 1897 :: report theme newspaper document composition 
paper.n 1898 :: report document theme newspaper composition 
paper.n 1899 :: report theme newspaper document composition 
paper.n 1900 :: report theme newspaper composition 
pass.v 1901 :: return lead fall run hand pass draw exit top fleet 
pass.v 1902 :: run return hand lead fall exit pass draw top guide 
pass.v 1903 :: offer return run hand lead fall walk bye draw exit 
pass.v 1904 :: loss return lead fall run release hand departure draw passage 
pass.v 1905 :: offer return run lead hand fall walk bye draw exit 
pass.v 1906 :: loss hand return run fall lead departure release pass draw 
pass.v 1907 :: offer run return lead hand pass lapse fall draw exit 
pass.v 1908 :: offer return run lead fall hand walk bye draw exit 
pass.v 1909 :: offer run return lead fall hand draw bye walk exit 
pass.v 1910 :: return run hand lead fall pass draw exit guide top 
poor.a 1911 :: short 
poor.a 1912 :: short 
poor.a 1913 :: 
poor.a 1914 :: short 
poor.a 1915 :: short 
poor.a 1916 :: short 
poor.a 1917 :: short 
poor.a 1918 :: short 
poor.a 1919 :: 
poor.a 1920 :: 
rest.n 1921 :: balance relief residue stay lie relaxation respite remainder residual ease 
rest.n 1922 :: balance relief residue stay lie relaxation respite remainder residual ease 
rest.n 1923 :: balance relief residue stay lie relaxation respite remainder residual ease 
rest.n 1924 :: balance relief residue stay lie relaxation respite remainder residual ease 
rest.n 1925 :: balance relief residue stay remainder lie relaxation respite residual ease 
rest.n 1926 :: balance relief residue stay lie relaxation respite remainder residual ease 
rest.n 1927 :: balance relief residue stay lie relaxation respite remainder residual ease 
rest.n 1928 :: balance relief stay relaxation residue lie respite remainder residual ease 
rest.n 1929 :: relief balance stay relaxation residue lie respite remainder residual ease 
rest.n 1930 :: balance relief residue stay lie relaxation respite remainder residual ease 
right.r 1931 :: 
right.r 1932 :: 
right.r 1933 :: 
right.r 1934 :: 
right.r 1935 :: 
right.r 1936 :: 
right.r 1937 :: 
right.r 1938 :: 
right.r 1939 :: 
right.r 1940 :: 
ring.n 1941 :: band call gang telephone phone mob 
ring.n 1942 :: band gang telephone call pack mob phone 
ring.n 1943 :: call telephone band gang mob border phone pack 
ring.n 1944 :: band gang telephone call mob phone 
ring.n 1945 :: call band gang telephone mob phone pack 
ring.n 1946 :: call band gang telephone mob phone 
ring.n 1947 :: band call gang skirt telephone mob phone 
ring.n 1948 :: band call gang border telephone mob phone 
ring.n 1949 :: call band telephone gang phone mob skirt 
ring.n 1950 :: band call gang telephone mob phone 
scrap.n 1951 :: dispute fight chip rubbish fighting trash combat quarrel bit 
scrap.n 1952 :: dispute fight rubbish fighting chip trash combat quarrel bit 
scrap.n 1953 :: dispute fight bit rubbish chip fighting trash combat quarrel 
scrap.n 1954 :: dispute chip fight rubbish bit refuse trash fighting combat garbage 
scrap.n 1955 :: dispute fight chip bit rubbish refuse trash fighting quarrel combat 
scrap.n 1956 :: dispute rubbish fight trash chip fighting combat quarrel bit 
scrap.n 1957 :: dispute fight bit chip rubbish fighting trash combat quarrel 
scrap.n 1958 :: dispute fight chip rubbish fighting trash combat quarrel bit 
scrap.n 1959 :: dispute fight rubbish bit chip refuse trash fighting combat garbage 
scrap.n 1960 :: dispute fight rubbish chip fighting trash bit combat quarrel 
secret.a 1961 :: underground mystery 
secret.a 1962 :: underground mystery 
secret.a 1963 :: underground private mystery 
secret.a 1964 :: underground mystery 
secret.a 1965 :: underground mystery 
secret.a 1966 :: underground mystery 
secret.a 1967 :: underground private mystery 
secret.a 1968 :: underground mystery 
secret.a 1969 :: underground private mystery 
secret.a 1970 :: underground mystery 
shot.n 1971 :: hit shooting film blast scene slam snapshot shoot crack dash 
shot.n 1972 :: hit film shooting blast scene slam snapshot shoot crack dash 
shot.n 1973 :: snapshot jibe guess scene stroke guesswork injection shooting snap stab 
shot.n 1974 :: hit shooting film blast scene slam snapshot shoot crack dash 
shot.n 1975 :: snapshot jibe guess scene stroke guesswork shaft shooting snap stab 
shot.n 1976 :: scene stroke snapshot jibe guess guesswork shooting snap stab 
shot.n 1977 :: jibe snapshot guess scene stab stroke guesswork injection shooting crack 
shot.n 1978 :: hit shooting film blast scene slam snapshot shoot crack dash 
shot.n 1979 :: scene snapshot jibe guess stroke shooting guesswork injection crack snap 
shot.n 1980 :: hit shooting film blast stroke scene slam snapshot shoot crack 
show.v 1981 :: point record present picture display appearance evidence exhibit 
show.v 1982 :: point record show picture evidence exhibit 
show.v 1983 :: 
show.v 1984 :: point record show picture evidence present exhibit 
show.v 1985 :: record point evidence picture display appearance exhibit register 
show.v 1986 :: 
show.v 1987 :: point record picture evidence display appearance present exhibit register 
show.v 1988 :: point record picture display appearance evidence exhibit 
show.v 1989 :: point record show picture evidence exhibit 
show.v 1990 :: point record show picture evidence exhibit 
wind.v 1991 :: 
wind.v 1992 :: tip lift winding lead twist roll hint confidential information curve 
wind.v 1993 :: roll wind curve twist 
wind.v 1994 :: tip winding lead twist roll lift hint curve confidential information 
wind.v 1995 :: wind roll twist curve 
wind.v 1996 :: lead tip roll winding twist lift hint confidential information curve 
wind.v 1997 :: wind roll twist curve 
wind.v 1998 :: roll wind curve nose 
wind.v 1999 :: tip lead winding twist lift roll hint confidential information curve 
wind.v 2000 :: injury wind roll nose lesion hurt bruise curve thread 
work.v 2001 :: work process form mould run act play influence exercise crop 
work.v 2002 :: process form study run crop play mould act workplace influence 
work.v 2003 :: work process form run act mould play crop influence exercise 
work.v 2004 :: work process form run act mould play influence crop exercise 
work.v 2005 :: work process form run crop shape act mould play influence 
work.v 2006 :: process form run act mould study play crop influence exercise 
work.v 2007 :: work process form act run mould play exercise crop influence 
work.v 2008 :: process form crop run mould act study play influence exercise 
work.v 2009 :: work process form act run mould make crop play influence 
work.v 2010 :: work process form run act mould play exercise crop influence 
